
> veda@1.0.0 test
> jest --coverage

watchman warning: Recrawled this watch 1 time, most recently because:
MustScanSubDirs UserDroppedTo resolve, please review the information on
https://facebook.github.io/watchman/docs/troubleshooting.html#recrawl
To clear this warning, run:
`watchman watch-del '/Users/prakashsamanta/TheForge/Veda/Veda' ; watchman watch-project '/Users/prakashsamanta/TheForge/Veda/Veda'`

PASS src/components/common/__tests__/CustomDatePickerModal.test.tsx
PASS src/screens/dashboard/__tests__/DashboardScreen.test.tsx
  ‚óè Console

    console.error
      An update to DashboardScreen inside a test was not wrapped in act(...).
      
      When testing, code that causes React state updates should be wrapped into act(...):
      
      act(() => {
        /* fire events that update state */
      });
      /* assert on the output */
      
      This ensures that you're testing the behavior the user would see in the browser. Learn more at https://react.dev/link/wrap-tests-with-act

      40 |         if (user) {
      41 |             const data = await activityService.getRecentActivities(user.uid, 5);
    > 42 |             setRecentActivities(data);
         |             ^
      43 |         }
      44 |     };
      45 |

      at node_modules/react-test-renderer/cjs/react-test-renderer.development.js:11801:19
      at runWithFiberInDEV (node_modules/react-test-renderer/cjs/react-test-renderer.development.js:1574:13)
      at warnIfUpdatesNotWrappedWithActDEV (node_modules/react-test-renderer/cjs/react-test-renderer.development.js:11800:9)
      at scheduleUpdateOnFiber (node_modules/react-test-renderer/cjs/react-test-renderer.development.js:10326:9)
      at dispatchSetStateInternal (node_modules/react-test-renderer/cjs/react-test-renderer.development.js:4148:13)
      at dispatchSetState (node_modules/react-test-renderer/cjs/react-test-renderer.development.js:4107:7)
      at setRecentActivities (src/screens/dashboard/DashboardScreen.tsx:42:13)
      at asyncGeneratorStep (node_modules/@babel/runtime/helpers/asyncToGenerator.js:3:17)
      at _next (node_modules/@babel/runtime/helpers/asyncToGenerator.js:17:9)

    console.error
      An update to DashboardScreen inside a test was not wrapped in act(...).
      
      When testing, code that causes React state updates should be wrapped into act(...):
      
      act(() => {
        /* fire events that update state */
      });
      /* assert on the output */
      
      This ensures that you're testing the behavior the user would see in the browser. Learn more at https://react.dev/link/wrap-tests-with-act

      40 |         if (user) {
      41 |             const data = await activityService.getRecentActivities(user.uid, 5);
    > 42 |             setRecentActivities(data);
         |             ^
      43 |         }
      44 |     };
      45 |

      at node_modules/react-test-renderer/cjs/react-test-renderer.development.js:11801:19
      at runWithFiberInDEV (node_modules/react-test-renderer/cjs/react-test-renderer.development.js:1574:13)
      at warnIfUpdatesNotWrappedWithActDEV (node_modules/react-test-renderer/cjs/react-test-renderer.development.js:11800:9)
      at scheduleUpdateOnFiber (node_modules/react-test-renderer/cjs/react-test-renderer.development.js:10326:9)
      at dispatchSetStateInternal (node_modules/react-test-renderer/cjs/react-test-renderer.development.js:4148:13)
      at dispatchSetState (node_modules/react-test-renderer/cjs/react-test-renderer.development.js:4107:7)
      at setRecentActivities (src/screens/dashboard/DashboardScreen.tsx:42:13)
      at asyncGeneratorStep (node_modules/@babel/runtime/helpers/asyncToGenerator.js:3:17)
      at _next (node_modules/@babel/runtime/helpers/asyncToGenerator.js:17:9)

    console.error
      An update to DashboardScreen inside a test was not wrapped in act(...).
      
      When testing, code that causes React state updates should be wrapped into act(...):
      
      act(() => {
        /* fire events that update state */
      });
      /* assert on the output */
      
      This ensures that you're testing the behavior the user would see in the browser. Learn more at https://react.dev/link/wrap-tests-with-act

      40 |         if (user) {
      41 |             const data = await activityService.getRecentActivities(user.uid, 5);
    > 42 |             setRecentActivities(data);
         |             ^
      43 |         }
      44 |     };
      45 |

      at node_modules/react-test-renderer/cjs/react-test-renderer.development.js:11801:19
      at runWithFiberInDEV (node_modules/react-test-renderer/cjs/react-test-renderer.development.js:1574:13)
      at warnIfUpdatesNotWrappedWithActDEV (node_modules/react-test-renderer/cjs/react-test-renderer.development.js:11800:9)
      at scheduleUpdateOnFiber (node_modules/react-test-renderer/cjs/react-test-renderer.development.js:10326:9)
      at dispatchSetStateInternal (node_modules/react-test-renderer/cjs/react-test-renderer.development.js:4148:13)
      at dispatchSetState (node_modules/react-test-renderer/cjs/react-test-renderer.development.js:4107:7)
      at setRecentActivities (src/screens/dashboard/DashboardScreen.tsx:42:13)
      at asyncGeneratorStep (node_modules/@babel/runtime/helpers/asyncToGenerator.js:3:17)
      at _next (node_modules/@babel/runtime/helpers/asyncToGenerator.js:17:9)

    console.error
      An update to DashboardScreen inside a test was not wrapped in act(...).
      
      When testing, code that causes React state updates should be wrapped into act(...):
      
      act(() => {
        /* fire events that update state */
      });
      /* assert on the output */
      
      This ensures that you're testing the behavior the user would see in the browser. Learn more at https://react.dev/link/wrap-tests-with-act

      40 |         if (user) {
      41 |             const data = await activityService.getRecentActivities(user.uid, 5);
    > 42 |             setRecentActivities(data);
         |             ^
      43 |         }
      44 |     };
      45 |

      at node_modules/react-test-renderer/cjs/react-test-renderer.development.js:11801:19
      at runWithFiberInDEV (node_modules/react-test-renderer/cjs/react-test-renderer.development.js:1574:13)
      at warnIfUpdatesNotWrappedWithActDEV (node_modules/react-test-renderer/cjs/react-test-renderer.development.js:11800:9)
      at scheduleUpdateOnFiber (node_modules/react-test-renderer/cjs/react-test-renderer.development.js:10326:9)
      at dispatchSetStateInternal (node_modules/react-test-renderer/cjs/react-test-renderer.development.js:4148:13)
      at dispatchSetState (node_modules/react-test-renderer/cjs/react-test-renderer.development.js:4107:7)
      at setRecentActivities (src/screens/dashboard/DashboardScreen.tsx:42:13)
      at asyncGeneratorStep (node_modules/@babel/runtime/helpers/asyncToGenerator.js:3:17)
      at _next (node_modules/@babel/runtime/helpers/asyncToGenerator.js:17:9)

    console.error
      An update to DashboardScreen inside a test was not wrapped in act(...).
      
      When testing, code that causes React state updates should be wrapped into act(...):
      
      act(() => {
        /* fire events that update state */
      });
      /* assert on the output */
      
      This ensures that you're testing the behavior the user would see in the browser. Learn more at https://react.dev/link/wrap-tests-with-act

      40 |         if (user) {
      41 |             const data = await activityService.getRecentActivities(user.uid, 5);
    > 42 |             setRecentActivities(data);
         |             ^
      43 |         }
      44 |     };
      45 |

      at node_modules/react-test-renderer/cjs/react-test-renderer.development.js:11801:19
      at runWithFiberInDEV (node_modules/react-test-renderer/cjs/react-test-renderer.development.js:1574:13)
      at warnIfUpdatesNotWrappedWithActDEV (node_modules/react-test-renderer/cjs/react-test-renderer.development.js:11800:9)
      at scheduleUpdateOnFiber (node_modules/react-test-renderer/cjs/react-test-renderer.development.js:10326:9)
      at dispatchSetStateInternal (node_modules/react-test-renderer/cjs/react-test-renderer.development.js:4148:13)
      at dispatchSetState (node_modules/react-test-renderer/cjs/react-test-renderer.development.js:4107:7)
      at setRecentActivities (src/screens/dashboard/DashboardScreen.tsx:42:13)
      at asyncGeneratorStep (node_modules/@babel/runtime/helpers/asyncToGenerator.js:3:17)
      at _next (node_modules/@babel/runtime/helpers/asyncToGenerator.js:17:9)

    console.error
      An update to DashboardScreen inside a test was not wrapped in act(...).
      
      When testing, code that causes React state updates should be wrapped into act(...):
      
      act(() => {
        /* fire events that update state */
      });
      /* assert on the output */
      
      This ensures that you're testing the behavior the user would see in the browser. Learn more at https://react.dev/link/wrap-tests-with-act

      40 |         if (user) {
      41 |             const data = await activityService.getRecentActivities(user.uid, 5);
    > 42 |             setRecentActivities(data);
         |             ^
      43 |         }
      44 |     };
      45 |

      at node_modules/react-test-renderer/cjs/react-test-renderer.development.js:11801:19
      at runWithFiberInDEV (node_modules/react-test-renderer/cjs/react-test-renderer.development.js:1574:13)
      at warnIfUpdatesNotWrappedWithActDEV (node_modules/react-test-renderer/cjs/react-test-renderer.development.js:11800:9)
      at scheduleUpdateOnFiber (node_modules/react-test-renderer/cjs/react-test-renderer.development.js:10326:9)
      at dispatchSetStateInternal (node_modules/react-test-renderer/cjs/react-test-renderer.development.js:4148:13)
      at dispatchSetState (node_modules/react-test-renderer/cjs/react-test-renderer.development.js:4107:7)
      at setRecentActivities (src/screens/dashboard/DashboardScreen.tsx:42:13)
      at asyncGeneratorStep (node_modules/@babel/runtime/helpers/asyncToGenerator.js:3:17)
      at _next (node_modules/@babel/runtime/helpers/asyncToGenerator.js:17:9)

    console.error
      An update to DashboardScreen inside a test was not wrapped in act(...).
      
      When testing, code that causes React state updates should be wrapped into act(...):
      
      act(() => {
        /* fire events that update state */
      });
      /* assert on the output */
      
      This ensures that you're testing the behavior the user would see in the browser. Learn more at https://react.dev/link/wrap-tests-with-act

      40 |         if (user) {
      41 |             const data = await activityService.getRecentActivities(user.uid, 5);
    > 42 |             setRecentActivities(data);
         |             ^
      43 |         }
      44 |     };
      45 |

      at node_modules/react-test-renderer/cjs/react-test-renderer.development.js:11801:19
      at runWithFiberInDEV (node_modules/react-test-renderer/cjs/react-test-renderer.development.js:1574:13)
      at warnIfUpdatesNotWrappedWithActDEV (node_modules/react-test-renderer/cjs/react-test-renderer.development.js:11800:9)
      at scheduleUpdateOnFiber (node_modules/react-test-renderer/cjs/react-test-renderer.development.js:10326:9)
      at dispatchSetStateInternal (node_modules/react-test-renderer/cjs/react-test-renderer.development.js:4148:13)
      at dispatchSetState (node_modules/react-test-renderer/cjs/react-test-renderer.development.js:4107:7)
      at setRecentActivities (src/screens/dashboard/DashboardScreen.tsx:42:13)
      at asyncGeneratorStep (node_modules/@babel/runtime/helpers/asyncToGenerator.js:3:17)
      at _next (node_modules/@babel/runtime/helpers/asyncToGenerator.js:17:9)

PASS src/navigation/__tests__/MainNavigator.test.tsx
PASS src/components/common/__tests__/TimePickerView.test.tsx
PASS src/screens/__tests__/DebugScreen.test.tsx
  ‚óè Console

    console.error
      An update to DebugScreen inside a test was not wrapped in act(...).
      
      When testing, code that causes React state updates should be wrapped into act(...):
      
      act(() => {
        /* fire events that update state */
      });
      /* assert on the output */
      
      This ensures that you're testing the behavior the user would see in the browser. Learn more at https://react.dev/link/wrap-tests-with-act

      17 |         initDatabase();
      18 |         localAIService.init()
    > 19 |             .then(() => setAiStatus('Local AI Ready ü§ñ'))
         |                         ^
      20 |             .catch(err => setAiStatus(`AI Failed: ${err.message}`));
      21 |     }, []);
      22 |

      at node_modules/react-test-renderer/cjs/react-test-renderer.development.js:11801:19
      at runWithFiberInDEV (node_modules/react-test-renderer/cjs/react-test-renderer.development.js:1574:13)
      at warnIfUpdatesNotWrappedWithActDEV (node_modules/react-test-renderer/cjs/react-test-renderer.development.js:11800:9)
      at scheduleUpdateOnFiber (node_modules/react-test-renderer/cjs/react-test-renderer.development.js:10326:9)
      at dispatchSetStateInternal (node_modules/react-test-renderer/cjs/react-test-renderer.development.js:4148:13)
      at dispatchSetState (node_modules/react-test-renderer/cjs/react-test-renderer.development.js:4107:7)
      at setAiStatus (src/screens/DebugScreen.tsx:19:25)

    console.error
      An update to DebugScreen inside a test was not wrapped in act(...).
      
      When testing, code that causes React state updates should be wrapped into act(...):
      
      act(() => {
        /* fire events that update state */
      });
      /* assert on the output */
      
      This ensures that you're testing the behavior the user would see in the browser. Learn more at https://react.dev/link/wrap-tests-with-act

      17 |         initDatabase();
      18 |         localAIService.init()
    > 19 |             .then(() => setAiStatus('Local AI Ready ü§ñ'))
         |                         ^
      20 |             .catch(err => setAiStatus(`AI Failed: ${err.message}`));
      21 |     }, []);
      22 |

      at node_modules/react-test-renderer/cjs/react-test-renderer.development.js:11801:19
      at runWithFiberInDEV (node_modules/react-test-renderer/cjs/react-test-renderer.development.js:1574:13)
      at warnIfUpdatesNotWrappedWithActDEV (node_modules/react-test-renderer/cjs/react-test-renderer.development.js:11800:9)
      at scheduleUpdateOnFiber (node_modules/react-test-renderer/cjs/react-test-renderer.development.js:10326:9)
      at dispatchSetStateInternal (node_modules/react-test-renderer/cjs/react-test-renderer.development.js:4148:13)
      at dispatchSetState (node_modules/react-test-renderer/cjs/react-test-renderer.development.js:4107:7)
      at setAiStatus (src/screens/DebugScreen.tsx:19:25)

PASS src/navigation/__tests__/AuthNavigator.test.tsx
PASS src/services/notifications/__tests__/NotificationService.test.ts
  ‚óè Console

    console.log
      Scheduling notification for 2025-12-31T04:21:38.226Z

      at NotificationService.log (src/services/notifications/NotificationService.ts:91:21)

    console.log
      Error scheduling notification: Error: Schedule Error
          at Object.<anonymous> (/Users/prakashsamanta/TheForge/Veda/Veda/src/services/notifications/__tests__/NotificationService.test.ts:152:82)
          at Generator.next (<anonymous>)
          at asyncGeneratorStep (/Users/prakashsamanta/TheForge/Veda/Veda/node_modules/@babel/runtime/helpers/asyncToGenerator.js:3:17)
          at _next (/Users/prakashsamanta/TheForge/Veda/Veda/node_modules/@babel/runtime/helpers/asyncToGenerator.js:17:9)
          at /Users/prakashsamanta/TheForge/Veda/Veda/node_modules/@babel/runtime/helpers/asyncToGenerator.js:22:7
          at new Promise (<anonymous>)
          at Object.<anonymous> (/Users/prakashsamanta/TheForge/Veda/Veda/node_modules/@babel/runtime/helpers/asyncToGenerator.js:14:12)
          at Promise.finally.completed (/Users/prakashsamanta/TheForge/Veda/Veda/node_modules/jest-circus/build/jestAdapterInit.js:1557:28)
          at new Promise (<anonymous>)
          at callAsyncCircusFn (/Users/prakashsamanta/TheForge/Veda/Veda/node_modules/jest-circus/build/jestAdapterInit.js:1497:10)
          at _callCircusTest (/Users/prakashsamanta/TheForge/Veda/Veda/node_modules/jest-circus/build/jestAdapterInit.js:1007:40)
          at processTicksAndRejections (node:internal/process/task_queues:105:5)
          at _runTest (/Users/prakashsamanta/TheForge/Veda/Veda/node_modules/jest-circus/build/jestAdapterInit.js:947:3)
          at /Users/prakashsamanta/TheForge/Veda/Veda/node_modules/jest-circus/build/jestAdapterInit.js:849:7
          at _runTestsForDescribeBlock (/Users/prakashsamanta/TheForge/Veda/Veda/node_modules/jest-circus/build/jestAdapterInit.js:862:11)
          at _runTestsForDescribeBlock (/Users/prakashsamanta/TheForge/Veda/Veda/node_modules/jest-circus/build/jestAdapterInit.js:857:11)
          at run (/Users/prakashsamanta/TheForge/Veda/Veda/node_modules/jest-circus/build/jestAdapterInit.js:761:3)
          at runAndTransformResultsToJestFormat (/Users/prakashsamanta/TheForge/Veda/Veda/node_modules/jest-circus/build/jestAdapterInit.js:1918:21)
          at jestAdapter (/Users/prakashsamanta/TheForge/Veda/Veda/node_modules/jest-circus/build/runner.js:101:19)
          at runTestInternal (/Users/prakashsamanta/TheForge/Veda/Veda/node_modules/jest-runner/build/testWorker.js:275:16)
          at runTest (/Users/prakashsamanta/TheForge/Veda/Veda/node_modules/jest-runner/build/testWorker.js:343:7)
          at Object.worker (/Users/prakashsamanta/TheForge/Veda/Veda/node_modules/jest-runner/build/testWorker.js:497:12)

      at NotificationService.log (src/services/notifications/NotificationService.ts:83:21)
          at Generator.throw (<anonymous>)

    console.log
      Scheduling notification for 2025-12-31T04:21:38.238Z

      at NotificationService.log (src/services/notifications/NotificationService.ts:91:21)

    console.error
      Error scheduling scheduled notification: Error: Schedule Error
          at Object.<anonymous> (/Users/prakashsamanta/TheForge/Veda/Veda/src/services/notifications/__tests__/NotificationService.test.ts:160:82)
          at Generator.next (<anonymous>)
          at asyncGeneratorStep (/Users/prakashsamanta/TheForge/Veda/Veda/node_modules/@babel/runtime/helpers/asyncToGenerator.js:3:17)
          at _next (/Users/prakashsamanta/TheForge/Veda/Veda/node_modules/@babel/runtime/helpers/asyncToGenerator.js:17:9)
          at /Users/prakashsamanta/TheForge/Veda/Veda/node_modules/@babel/runtime/helpers/asyncToGenerator.js:22:7
          at new Promise (<anonymous>)
          at Object.<anonymous> (/Users/prakashsamanta/TheForge/Veda/Veda/node_modules/@babel/runtime/helpers/asyncToGenerator.js:14:12)
          at Promise.finally.completed (/Users/prakashsamanta/TheForge/Veda/Veda/node_modules/jest-circus/build/jestAdapterInit.js:1557:28)
          at new Promise (<anonymous>)
          at callAsyncCircusFn (/Users/prakashsamanta/TheForge/Veda/Veda/node_modules/jest-circus/build/jestAdapterInit.js:1497:10)
          at _callCircusTest (/Users/prakashsamanta/TheForge/Veda/Veda/node_modules/jest-circus/build/jestAdapterInit.js:1007:40)
          at processTicksAndRejections (node:internal/process/task_queues:105:5)
          at _runTest (/Users/prakashsamanta/TheForge/Veda/Veda/node_modules/jest-circus/build/jestAdapterInit.js:947:3)
          at /Users/prakashsamanta/TheForge/Veda/Veda/node_modules/jest-circus/build/jestAdapterInit.js:849:7
          at _runTestsForDescribeBlock (/Users/prakashsamanta/TheForge/Veda/Veda/node_modules/jest-circus/build/jestAdapterInit.js:862:11)
          at _runTestsForDescribeBlock (/Users/prakashsamanta/TheForge/Veda/Veda/node_modules/jest-circus/build/jestAdapterInit.js:857:11)
          at run (/Users/prakashsamanta/TheForge/Veda/Veda/node_modules/jest-circus/build/jestAdapterInit.js:761:3)
          at runAndTransformResultsToJestFormat (/Users/prakashsamanta/TheForge/Veda/Veda/node_modules/jest-circus/build/jestAdapterInit.js:1918:21)
          at jestAdapter (/Users/prakashsamanta/TheForge/Veda/Veda/node_modules/jest-circus/build/runner.js:101:19)
          at runTestInternal (/Users/prakashsamanta/TheForge/Veda/Veda/node_modules/jest-runner/build/testWorker.js:275:16)
          at runTest (/Users/prakashsamanta/TheForge/Veda/Veda/node_modules/jest-runner/build/testWorker.js:343:7)
          at Object.worker (/Users/prakashsamanta/TheForge/Veda/Veda/node_modules/jest-runner/build/testWorker.js:497:12)

      104 |         } catch (error) {
      105 |             // Assuming 'logger' is defined elsewhere or will be added. Using console.error for now.
    > 106 |             console.error('Error scheduling scheduled notification:', error);
          |                     ^
      107 |             return false;
      108 |         }
      109 |     }

      at NotificationService.error (src/services/notifications/NotificationService.ts:106:21)
          at Generator.throw (<anonymous>)
      at asyncGeneratorStep (node_modules/@babel/runtime/helpers/asyncToGenerator.js:3:17)
      at _throw (node_modules/@babel/runtime/helpers/asyncToGenerator.js:20:9)

PASS src/screens/dashboard/__tests__/ActivityScreen.test.tsx
  ‚óè Console

    console.error
      An update to ActivityScreen inside a test was not wrapped in act(...).
      
      When testing, code that causes React state updates should be wrapped into act(...):
      
      act(() => {
        /* fire events that update state */
      });
      /* assert on the output */
      
      This ensures that you're testing the behavior the user would see in the browser. Learn more at https://react.dev/link/wrap-tests-with-act

      15 |         if (!user) return;
      16 |         const data = await activityService.getRecentActivities(user.uid, 50); // increased limit
    > 17 |         setRecentActivities(data);
         |         ^
      18 |     };
      19 |
      20 |     useFocusEffect(

      at node_modules/react-test-renderer/cjs/react-test-renderer.development.js:11801:19
      at runWithFiberInDEV (node_modules/react-test-renderer/cjs/react-test-renderer.development.js:1574:13)
      at warnIfUpdatesNotWrappedWithActDEV (node_modules/react-test-renderer/cjs/react-test-renderer.development.js:11800:9)
      at scheduleUpdateOnFiber (node_modules/react-test-renderer/cjs/react-test-renderer.development.js:10326:9)
      at dispatchSetStateInternal (node_modules/react-test-renderer/cjs/react-test-renderer.development.js:4148:13)
      at dispatchSetState (node_modules/react-test-renderer/cjs/react-test-renderer.development.js:4107:7)
      at setRecentActivities (src/screens/dashboard/ActivityScreen.tsx:17:9)
      at asyncGeneratorStep (node_modules/@babel/runtime/helpers/asyncToGenerator.js:3:17)
      at _next (node_modules/@babel/runtime/helpers/asyncToGenerator.js:17:9)

    console.error
      An update to ActivityScreen inside a test was not wrapped in act(...).
      
      When testing, code that causes React state updates should be wrapped into act(...):
      
      act(() => {
        /* fire events that update state */
      });
      /* assert on the output */
      
      This ensures that you're testing the behavior the user would see in the browser. Learn more at https://react.dev/link/wrap-tests-with-act

      15 |         if (!user) return;
      16 |         const data = await activityService.getRecentActivities(user.uid, 50); // increased limit
    > 17 |         setRecentActivities(data);
         |         ^
      18 |     };
      19 |
      20 |     useFocusEffect(

      at node_modules/react-test-renderer/cjs/react-test-renderer.development.js:11801:19
      at runWithFiberInDEV (node_modules/react-test-renderer/cjs/react-test-renderer.development.js:1574:13)
      at warnIfUpdatesNotWrappedWithActDEV (node_modules/react-test-renderer/cjs/react-test-renderer.development.js:11800:9)
      at scheduleUpdateOnFiber (node_modules/react-test-renderer/cjs/react-test-renderer.development.js:10326:9)
      at dispatchSetStateInternal (node_modules/react-test-renderer/cjs/react-test-renderer.development.js:4148:13)
      at dispatchSetState (node_modules/react-test-renderer/cjs/react-test-renderer.development.js:4107:7)
      at setRecentActivities (src/screens/dashboard/ActivityScreen.tsx:17:9)
      at asyncGeneratorStep (node_modules/@babel/runtime/helpers/asyncToGenerator.js:3:17)
      at _next (node_modules/@babel/runtime/helpers/asyncToGenerator.js:17:9)

    console.error
      An update to VirtualizedList inside a test was not wrapped in act(...).
      
      When testing, code that causes React state updates should be wrapped into act(...):
      
      act(() => {
        /* fire events that update state */
      });
      /* assert on the output */
      
      This ensures that you're testing the behavior the user would see in the browser. Learn more at https://react.dev/link/wrap-tests-with-act

      at node_modules/react-test-renderer/cjs/react-test-renderer.development.js:11801:19
      at runWithFiberInDEV (node_modules/react-test-renderer/cjs/react-test-renderer.development.js:1574:13)
      at warnIfUpdatesNotWrappedWithActDEV (node_modules/react-test-renderer/cjs/react-test-renderer.development.js:11800:9)
      at scheduleUpdateOnFiber (node_modules/react-test-renderer/cjs/react-test-renderer.development.js:10326:9)
      at Object.enqueueSetState (node_modules/react-test-renderer/cjs/react-test-renderer.development.js:14179:14)
      at VirtualizedList.process.env.NODE_ENV.Component.setState (node_modules/react/cjs/react.development.js:632:20)
      at node_modules/@babel/runtime/helpers/superPropGet.js:6:14
      at VirtualizedList.setState (node_modules/react-native/node_modules/@react-native/virtualized-lists/Lists/StateSafePureComponent.js:39:7)
      at VirtualizedList.setState [as _updateCellsToRender] (node_modules/react-native/node_modules/@react-native/virtualized-lists/Lists/VirtualizedList.js:1907:10)
      at Timeout._updateCellsToRender [as _onTimeout] (node_modules/react-native/node_modules/@react-native/virtualized-lists/Lists/VirtualizedList.js:1804:16)

PASS src/screens/auth/__tests__/SignupScreen.test.tsx
  ‚óè Console

    console.error
      { code: 'auth/email-already-in-use' }

      53 |             // Navigation handled by RootNavigator listening to auth state
      54 |         } catch (err: any) {
    > 55 |             console.error(err);
         |                     ^
      56 |             let msg = 'Failed to create account';
      57 |             if (err.code === 'auth/email-already-in-use') msg = 'Email already in use';
      58 |             if (err.code === 'auth/invalid-email') msg = 'Invalid email format';

      at error (src/screens/auth/SignupScreen.tsx:55:21)
          at Generator.throw (<anonymous>)
      at asyncGeneratorStep (node_modules/@babel/runtime/helpers/asyncToGenerator.js:3:17)
      at _throw (node_modules/@babel/runtime/helpers/asyncToGenerator.js:20:9)

    console.error
      { code: 'auth/invalid-email' }

      53 |             // Navigation handled by RootNavigator listening to auth state
      54 |         } catch (err: any) {
    > 55 |             console.error(err);
         |                     ^
      56 |             let msg = 'Failed to create account';
      57 |             if (err.code === 'auth/email-already-in-use') msg = 'Email already in use';
      58 |             if (err.code === 'auth/invalid-email') msg = 'Invalid email format';

      at error (src/screens/auth/SignupScreen.tsx:55:21)
          at Generator.throw (<anonymous>)
      at asyncGeneratorStep (node_modules/@babel/runtime/helpers/asyncToGenerator.js:3:17)
      at _throw (node_modules/@babel/runtime/helpers/asyncToGenerator.js:20:9)

    console.error
      Error: Unknown
          at Object.<anonymous> (/Users/prakashsamanta/TheForge/Veda/Veda/src/screens/auth/__tests__/SignupScreen.test.tsx:126:61)
          at Generator.next (<anonymous>)
          at asyncGeneratorStep (/Users/prakashsamanta/TheForge/Veda/Veda/node_modules/@babel/runtime/helpers/asyncToGenerator.js:3:17)
          at _next (/Users/prakashsamanta/TheForge/Veda/Veda/node_modules/@babel/runtime/helpers/asyncToGenerator.js:17:9)
          at /Users/prakashsamanta/TheForge/Veda/Veda/node_modules/@babel/runtime/helpers/asyncToGenerator.js:22:7
          at new Promise (<anonymous>)
          at Object.<anonymous> (/Users/prakashsamanta/TheForge/Veda/Veda/node_modules/@babel/runtime/helpers/asyncToGenerator.js:14:12)
          at Promise.finally.completed (/Users/prakashsamanta/TheForge/Veda/Veda/node_modules/jest-circus/build/jestAdapterInit.js:1557:28)
          at new Promise (<anonymous>)
          at callAsyncCircusFn (/Users/prakashsamanta/TheForge/Veda/Veda/node_modules/jest-circus/build/jestAdapterInit.js:1497:10)
          at _callCircusTest (/Users/prakashsamanta/TheForge/Veda/Veda/node_modules/jest-circus/build/jestAdapterInit.js:1007:40)
          at _runTest (/Users/prakashsamanta/TheForge/Veda/Veda/node_modules/jest-circus/build/jestAdapterInit.js:947:3)
          at /Users/prakashsamanta/TheForge/Veda/Veda/node_modules/jest-circus/build/jestAdapterInit.js:849:7
          at _runTestsForDescribeBlock (/Users/prakashsamanta/TheForge/Veda/Veda/node_modules/jest-circus/build/jestAdapterInit.js:862:11)
          at _runTestsForDescribeBlock (/Users/prakashsamanta/TheForge/Veda/Veda/node_modules/jest-circus/build/jestAdapterInit.js:857:11)
          at run (/Users/prakashsamanta/TheForge/Veda/Veda/node_modules/jest-circus/build/jestAdapterInit.js:761:3)
          at runAndTransformResultsToJestFormat (/Users/prakashsamanta/TheForge/Veda/Veda/node_modules/jest-circus/build/jestAdapterInit.js:1918:21)
          at jestAdapter (/Users/prakashsamanta/TheForge/Veda/Veda/node_modules/jest-circus/build/runner.js:101:19)
          at runTestInternal (/Users/prakashsamanta/TheForge/Veda/Veda/node_modules/jest-runner/build/testWorker.js:275:16)
          at runTest (/Users/prakashsamanta/TheForge/Veda/Veda/node_modules/jest-runner/build/testWorker.js:343:7)
          at Object.worker (/Users/prakashsamanta/TheForge/Veda/Veda/node_modules/jest-runner/build/testWorker.js:497:12)

      53 |             // Navigation handled by RootNavigator listening to auth state
      54 |         } catch (err: any) {
    > 55 |             console.error(err);
         |                     ^
      56 |             let msg = 'Failed to create account';
      57 |             if (err.code === 'auth/email-already-in-use') msg = 'Email already in use';
      58 |             if (err.code === 'auth/invalid-email') msg = 'Invalid email format';

      at error (src/screens/auth/SignupScreen.tsx:55:21)
          at Generator.throw (<anonymous>)
      at asyncGeneratorStep (node_modules/@babel/runtime/helpers/asyncToGenerator.js:3:17)
      at _throw (node_modules/@babel/runtime/helpers/asyncToGenerator.js:20:9)

PASS src/services/database/__tests__/DatabaseService.test.ts
PASS src/navigation/__tests__/RootNavigator.test.tsx
PASS src/screens/dashboard/__tests__/SettingsScreen.test.tsx
PASS src/services/ai/__tests__/CloudAIService.test.ts
  ‚óè Console

    console.log
      [Config] Loading Keys. Gemini: true Perplexity: true

      at Object.log (src/config/llmConfig.ts:22:9)

    console.log
      [2025-12-31T04:21:38.324Z] [INFO] Testing connection for gemini...

      at Logger.log (src/utils/Logger.ts:32:25)

    console.log
      [2025-12-31T04:21:38.326Z] [INFO] Testing connection for gemini...

      at Logger.log (src/utils/Logger.ts:32:25)

    console.error
      [2025-12-31T04:21:38.326Z] [ERROR] Gemini SDK call failed: Error: API Error
          at mockConstructor.<anonymous> (/Users/prakashsamanta/TheForge/Veda/Veda/src/services/ai/__tests__/CloudAIService.test.ts:47:62)
          at /Users/prakashsamanta/TheForge/Veda/Veda/node_modules/jest-mock/build/index.js:387:43
          at mockConstructor.<anonymous> (/Users/prakashsamanta/TheForge/Veda/Veda/node_modules/jest-mock/build/index.js:404:13)
          at new mockConstructor (/Users/prakashsamanta/TheForge/Veda/Veda/node_modules/jest-mock/build/index.js:148:19)
          at CloudAIService.getClient (/Users/prakashsamanta/TheForge/Veda/Veda/src/services/ai/CloudAIService.ts:55:26)
          at CloudAIService.getClient (/Users/prakashsamanta/TheForge/Veda/Veda/src/services/ai/CloudAIService.ts:188:33)
          at Generator.next (<anonymous>)
          at asyncGeneratorStep (/Users/prakashsamanta/TheForge/Veda/Veda/node_modules/@babel/runtime/helpers/asyncToGenerator.js:3:17)
          at _next (/Users/prakashsamanta/TheForge/Veda/Veda/node_modules/@babel/runtime/helpers/asyncToGenerator.js:17:9)
          at /Users/prakashsamanta/TheForge/Veda/Veda/node_modules/@babel/runtime/helpers/asyncToGenerator.js:22:7
          at new Promise (<anonymous>)
          at CloudAIService.<anonymous> (/Users/prakashsamanta/TheForge/Veda/Veda/node_modules/@babel/runtime/helpers/asyncToGenerator.js:14:12)
          at CloudAIService.apply [as callGeminiSDK] (/Users/prakashsamanta/TheForge/Veda/Veda/src/services/ai/CloudAIService.ts:186:32)
          at CloudAIService.callGeminiSDK (/Users/prakashsamanta/TheForge/Veda/Veda/src/services/ai/CloudAIService.ts:39:28)
          at Generator.next (<anonymous>)
          at asyncGeneratorStep (/Users/prakashsamanta/TheForge/Veda/Veda/node_modules/@babel/runtime/helpers/asyncToGenerator.js:3:17)
          at _next (/Users/prakashsamanta/TheForge/Veda/Veda/node_modules/@babel/runtime/helpers/asyncToGenerator.js:17:9)
          at /Users/prakashsamanta/TheForge/Veda/Veda/node_modules/@babel/runtime/helpers/asyncToGenerator.js:22:7
          at new Promise (<anonymous>)
          at CloudAIService.<anonymous> (/Users/prakashsamanta/TheForge/Veda/Veda/node_modules/@babel/runtime/helpers/asyncToGenerator.js:14:12)
          at CloudAIService.apply [as testConnection] (/Users/prakashsamanta/TheForge/Veda/Veda/src/services/ai/CloudAIService.ts:29:32)
          at Object.testConnection (/Users/prakashsamanta/TheForge/Veda/Veda/src/services/ai/__tests__/CloudAIService.test.ts:51:38)
          at Generator.next (<anonymous>)
          at asyncGeneratorStep (/Users/prakashsamanta/TheForge/Veda/Veda/node_modules/@babel/runtime/helpers/asyncToGenerator.js:3:17)
          at _next (/Users/prakashsamanta/TheForge/Veda/Veda/node_modules/@babel/runtime/helpers/asyncToGenerator.js:17:9)
          at /Users/prakashsamanta/TheForge/Veda/Veda/node_modules/@babel/runtime/helpers/asyncToGenerator.js:22:7
          at new Promise (<anonymous>)
          at Object.<anonymous> (/Users/prakashsamanta/TheForge/Veda/Veda/node_modules/@babel/runtime/helpers/asyncToGenerator.js:14:12)
          at Promise.finally.completed (/Users/prakashsamanta/TheForge/Veda/Veda/node_modules/jest-circus/build/jestAdapterInit.js:1557:28)
          at new Promise (<anonymous>)
          at callAsyncCircusFn (/Users/prakashsamanta/TheForge/Veda/Veda/node_modules/jest-circus/build/jestAdapterInit.js:1497:10)
          at _callCircusTest (/Users/prakashsamanta/TheForge/Veda/Veda/node_modules/jest-circus/build/jestAdapterInit.js:1007:40)
          at processTicksAndRejections (node:internal/process/task_queues:105:5)
          at _runTest (/Users/prakashsamanta/TheForge/Veda/Veda/node_modules/jest-circus/build/jestAdapterInit.js:947:3)
          at /Users/prakashsamanta/TheForge/Veda/Veda/node_modules/jest-circus/build/jestAdapterInit.js:849:7
          at _runTestsForDescribeBlock (/Users/prakashsamanta/TheForge/Veda/Veda/node_modules/jest-circus/build/jestAdapterInit.js:862:11)
          at _runTestsForDescribeBlock (/Users/prakashsamanta/TheForge/Veda/Veda/node_modules/jest-circus/build/jestAdapterInit.js:857:11)
          at run (/Users/prakashsamanta/TheForge/Veda/Veda/node_modules/jest-circus/build/jestAdapterInit.js:761:3)
          at runAndTransformResultsToJestFormat (/Users/prakashsamanta/TheForge/Veda/Veda/node_modules/jest-circus/build/jestAdapterInit.js:1918:21)
          at jestAdapter (/Users/prakashsamanta/TheForge/Veda/Veda/node_modules/jest-circus/build/runner.js:101:19)
          at runTestInternal (/Users/prakashsamanta/TheForge/Veda/Veda/node_modules/jest-runner/build/testWorker.js:275:16)
          at runTest (/Users/prakashsamanta/TheForge/Veda/Veda/node_modules/jest-runner/build/testWorker.js:343:7)
          at Object.worker (/Users/prakashsamanta/TheForge/Veda/Veda/node_modules/jest-runner/build/testWorker.js:497:12)

      36 |                 break;
      37 |             case 'error':
    > 38 |                 console.error(prefix, message, data || '');
         |                         ^
      39 |                 break;
      40 |         }
      41 |     }

      at Logger.error [as log] (src/utils/Logger.ts:38:25)
      at Logger.log [as error] (src/utils/Logger.ts:56:14)
      at CloudAIService.error (src/services/ai/CloudAIService.ts:199:20)
          at Generator.throw (<anonymous>)
      at asyncGeneratorStep (node_modules/@babel/runtime/helpers/asyncToGenerator.js:3:17)
      at _throw (node_modules/@babel/runtime/helpers/asyncToGenerator.js:20:9)

    console.error
      [2025-12-31T04:21:38.338Z] [ERROR] Connection test failed for gemini: Error: API Error
          at mockConstructor.<anonymous> (/Users/prakashsamanta/TheForge/Veda/Veda/src/services/ai/__tests__/CloudAIService.test.ts:47:62)
          at /Users/prakashsamanta/TheForge/Veda/Veda/node_modules/jest-mock/build/index.js:387:43
          at mockConstructor.<anonymous> (/Users/prakashsamanta/TheForge/Veda/Veda/node_modules/jest-mock/build/index.js:404:13)
          at new mockConstructor (/Users/prakashsamanta/TheForge/Veda/Veda/node_modules/jest-mock/build/index.js:148:19)
          at CloudAIService.getClient (/Users/prakashsamanta/TheForge/Veda/Veda/src/services/ai/CloudAIService.ts:55:26)
          at CloudAIService.getClient (/Users/prakashsamanta/TheForge/Veda/Veda/src/services/ai/CloudAIService.ts:188:33)
          at Generator.next (<anonymous>)
          at asyncGeneratorStep (/Users/prakashsamanta/TheForge/Veda/Veda/node_modules/@babel/runtime/helpers/asyncToGenerator.js:3:17)
          at _next (/Users/prakashsamanta/TheForge/Veda/Veda/node_modules/@babel/runtime/helpers/asyncToGenerator.js:17:9)
          at /Users/prakashsamanta/TheForge/Veda/Veda/node_modules/@babel/runtime/helpers/asyncToGenerator.js:22:7
          at new Promise (<anonymous>)
          at CloudAIService.<anonymous> (/Users/prakashsamanta/TheForge/Veda/Veda/node_modules/@babel/runtime/helpers/asyncToGenerator.js:14:12)
          at CloudAIService.apply [as callGeminiSDK] (/Users/prakashsamanta/TheForge/Veda/Veda/src/services/ai/CloudAIService.ts:186:32)
          at CloudAIService.callGeminiSDK (/Users/prakashsamanta/TheForge/Veda/Veda/src/services/ai/CloudAIService.ts:39:28)
          at Generator.next (<anonymous>)
          at asyncGeneratorStep (/Users/prakashsamanta/TheForge/Veda/Veda/node_modules/@babel/runtime/helpers/asyncToGenerator.js:3:17)
          at _next (/Users/prakashsamanta/TheForge/Veda/Veda/node_modules/@babel/runtime/helpers/asyncToGenerator.js:17:9)
          at /Users/prakashsamanta/TheForge/Veda/Veda/node_modules/@babel/runtime/helpers/asyncToGenerator.js:22:7
          at new Promise (<anonymous>)
          at CloudAIService.<anonymous> (/Users/prakashsamanta/TheForge/Veda/Veda/node_modules/@babel/runtime/helpers/asyncToGenerator.js:14:12)
          at CloudAIService.apply [as testConnection] (/Users/prakashsamanta/TheForge/Veda/Veda/src/services/ai/CloudAIService.ts:29:32)
          at Object.testConnection (/Users/prakashsamanta/TheForge/Veda/Veda/src/services/ai/__tests__/CloudAIService.test.ts:51:38)
          at Generator.next (<anonymous>)
          at asyncGeneratorStep (/Users/prakashsamanta/TheForge/Veda/Veda/node_modules/@babel/runtime/helpers/asyncToGenerator.js:3:17)
          at _next (/Users/prakashsamanta/TheForge/Veda/Veda/node_modules/@babel/runtime/helpers/asyncToGenerator.js:17:9)
          at /Users/prakashsamanta/TheForge/Veda/Veda/node_modules/@babel/runtime/helpers/asyncToGenerator.js:22:7
          at new Promise (<anonymous>)
          at Object.<anonymous> (/Users/prakashsamanta/TheForge/Veda/Veda/node_modules/@babel/runtime/helpers/asyncToGenerator.js:14:12)
          at Promise.finally.completed (/Users/prakashsamanta/TheForge/Veda/Veda/node_modules/jest-circus/build/jestAdapterInit.js:1557:28)
          at new Promise (<anonymous>)
          at callAsyncCircusFn (/Users/prakashsamanta/TheForge/Veda/Veda/node_modules/jest-circus/build/jestAdapterInit.js:1497:10)
          at _callCircusTest (/Users/prakashsamanta/TheForge/Veda/Veda/node_modules/jest-circus/build/jestAdapterInit.js:1007:40)
          at processTicksAndRejections (node:internal/process/task_queues:105:5)
          at _runTest (/Users/prakashsamanta/TheForge/Veda/Veda/node_modules/jest-circus/build/jestAdapterInit.js:947:3)
          at /Users/prakashsamanta/TheForge/Veda/Veda/node_modules/jest-circus/build/jestAdapterInit.js:849:7
          at _runTestsForDescribeBlock (/Users/prakashsamanta/TheForge/Veda/Veda/node_modules/jest-circus/build/jestAdapterInit.js:862:11)
          at _runTestsForDescribeBlock (/Users/prakashsamanta/TheForge/Veda/Veda/node_modules/jest-circus/build/jestAdapterInit.js:857:11)
          at run (/Users/prakashsamanta/TheForge/Veda/Veda/node_modules/jest-circus/build/jestAdapterInit.js:761:3)
          at runAndTransformResultsToJestFormat (/Users/prakashsamanta/TheForge/Veda/Veda/node_modules/jest-circus/build/jestAdapterInit.js:1918:21)
          at jestAdapter (/Users/prakashsamanta/TheForge/Veda/Veda/node_modules/jest-circus/build/runner.js:101:19)
          at runTestInternal (/Users/prakashsamanta/TheForge/Veda/Veda/node_modules/jest-runner/build/testWorker.js:275:16)
          at runTest (/Users/prakashsamanta/TheForge/Veda/Veda/node_modules/jest-runner/build/testWorker.js:343:7)
          at Object.worker (/Users/prakashsamanta/TheForge/Veda/Veda/node_modules/jest-runner/build/testWorker.js:497:12)

      36 |                 break;
      37 |             case 'error':
    > 38 |                 console.error(prefix, message, data || '');
         |                         ^
      39 |                 break;
      40 |         }
      41 |     }

      at Logger.error [as log] (src/utils/Logger.ts:38:25)
      at Logger.log [as error] (src/utils/Logger.ts:56:14)
      at CloudAIService.error (src/services/ai/CloudAIService.ts:48:20)
          at Generator.throw (<anonymous>)
      at asyncGeneratorStep (node_modules/@babel/runtime/helpers/asyncToGenerator.js:3:17)
      at _throw (node_modules/@babel/runtime/helpers/asyncToGenerator.js:20:9)

    console.log
      [2025-12-31T04:21:38.338Z] [INFO] Testing connection for perplexity...

      at Logger.log (src/utils/Logger.ts:32:25)

    console.log
      [2025-12-31T04:21:38.339Z] [INFO] Calling Perplexity API with model: sonar-small-online. Key Length: 8

      at Logger.log (src/utils/Logger.ts:32:25)

    console.log
      [2025-12-31T04:21:38.339Z] [INFO] Calling Perplexity API with model: sonar. Key Length: 9

      at Logger.log (src/utils/Logger.ts:32:25)

    console.warn
      [2025-12-31T04:21:38.340Z] [WARN] No Perplexity API Key provided.

      33 |                 break;
      34 |             case 'warn':
    > 35 |                 console.warn(prefix, message, data || '');
         |                         ^
      36 |                 break;
      37 |             case 'error':
      38 |                 console.error(prefix, message, data || '');

      at Logger.warn [as log] (src/utils/Logger.ts:35:25)
      at Logger.log [as warn] (src/utils/Logger.ts:52:14)
      at CloudAIService.warn (src/services/ai/CloudAIService.ts:79:24)
      at asyncGeneratorStep (node_modules/@babel/runtime/helpers/asyncToGenerator.js:3:17)
      at _next (node_modules/@babel/runtime/helpers/asyncToGenerator.js:17:9)
      at node_modules/@babel/runtime/helpers/asyncToGenerator.js:22:7
      at CloudAIService.<anonymous> (node_modules/@babel/runtime/helpers/asyncToGenerator.js:14:12)
      at CloudAIService.apply [as generateText] (src/services/ai/CloudAIService.ts:60:30)
      at Object.generateText (src/services/ai/__tests__/CloudAIService.test.ts:97:40)
      at asyncGeneratorStep (node_modules/@babel/runtime/helpers/asyncToGenerator.js:3:17)
      at _next (node_modules/@babel/runtime/helpers/asyncToGenerator.js:17:9)
      at node_modules/@babel/runtime/helpers/asyncToGenerator.js:22:7
      at Object.<anonymous> (node_modules/@babel/runtime/helpers/asyncToGenerator.js:14:12)

    console.log
      [2025-12-31T04:21:38.340Z] [INFO] Testing connection for openrouter...

      at Logger.log (src/utils/Logger.ts:32:25)

    console.log
      [2025-12-31T04:21:38.340Z] [INFO] Calling OpenRouter with model: mistralai/mistral-7b-instruct:free

      at Logger.log (src/utils/Logger.ts:32:25)

    console.log
      [2025-12-31T04:21:38.341Z] [INFO] Calling OpenRouter with model: mistral

      at Logger.log (src/utils/Logger.ts:32:25)

    console.warn
      [2025-12-31T04:21:38.341Z] [WARN] No Gemini API Key provided.

      33 |                 break;
      34 |             case 'warn':
    > 35 |                 console.warn(prefix, message, data || '');
         |                         ^
      36 |                 break;
      37 |             case 'error':
      38 |                 console.error(prefix, message, data || '');

      at Logger.warn [as log] (src/utils/Logger.ts:35:25)
      at Logger.log [as warn] (src/utils/Logger.ts:52:14)
      at CloudAIService.warn (src/services/ai/CloudAIService.ts:66:24)
      at asyncGeneratorStep (node_modules/@babel/runtime/helpers/asyncToGenerator.js:3:17)
      at _next (node_modules/@babel/runtime/helpers/asyncToGenerator.js:17:9)
      at node_modules/@babel/runtime/helpers/asyncToGenerator.js:22:7
      at CloudAIService.<anonymous> (node_modules/@babel/runtime/helpers/asyncToGenerator.js:14:12)
      at CloudAIService.apply [as generateText] (src/services/ai/CloudAIService.ts:60:30)
      at Object.generateText (src/services/ai/__tests__/CloudAIService.test.ts:160:40)
      at asyncGeneratorStep (node_modules/@babel/runtime/helpers/asyncToGenerator.js:3:17)
      at _next (node_modules/@babel/runtime/helpers/asyncToGenerator.js:17:9)
      at node_modules/@babel/runtime/helpers/asyncToGenerator.js:22:7
      at Object.<anonymous> (node_modules/@babel/runtime/helpers/asyncToGenerator.js:14:12)

    console.log
      [2025-12-31T04:21:38.341Z] [INFO] Calling OpenRouter with model: mistral

      at Logger.log (src/utils/Logger.ts:32:25)

    console.error
      [2025-12-31T04:21:38.342Z] [ERROR] OpenRouter call failed: Error: Insufficient credits on OpenRouter. Please check your account balance.
          at CloudAIService.<anonymous> (/Users/prakashsamanta/TheForge/Veda/Veda/src/services/ai/CloudAIService.ts:130:27)
          at Generator.next (<anonymous>)
          at asyncGeneratorStep (/Users/prakashsamanta/TheForge/Veda/Veda/node_modules/@babel/runtime/helpers/asyncToGenerator.js:3:17)
          at _next (/Users/prakashsamanta/TheForge/Veda/Veda/node_modules/@babel/runtime/helpers/asyncToGenerator.js:17:9)
          at processTicksAndRejections (node:internal/process/task_queues:105:5)

      36 |                 break;
      37 |             case 'error':
    > 38 |                 console.error(prefix, message, data || '');
         |                         ^
      39 |                 break;
      40 |         }
      41 |     }

      at Logger.error [as log] (src/utils/Logger.ts:38:25)
      at Logger.log [as error] (src/utils/Logger.ts:56:14)
      at CloudAIService.error (src/services/ai/CloudAIService.ts:144:20)
      at asyncGeneratorStep (node_modules/@babel/runtime/helpers/asyncToGenerator.js:3:17)
      at _next (node_modules/@babel/runtime/helpers/asyncToGenerator.js:17:9)

    console.log
      [2025-12-31T04:21:38.342Z] [INFO] Calling Perplexity API with model: sonar. Key Length: 9

      at Logger.log (src/utils/Logger.ts:32:25)

    console.error
      [2025-12-31T04:21:38.342Z] [ERROR] Perplexity call failed: Error: Perplexity API Error (500): Internal Server Error
          at CloudAIService.<anonymous> (/Users/prakashsamanta/TheForge/Veda/Veda/src/services/ai/CloudAIService.ts:169:23)
          at Generator.next (<anonymous>)
          at asyncGeneratorStep (/Users/prakashsamanta/TheForge/Veda/Veda/node_modules/@babel/runtime/helpers/asyncToGenerator.js:3:17)
          at _next (/Users/prakashsamanta/TheForge/Veda/Veda/node_modules/@babel/runtime/helpers/asyncToGenerator.js:17:9)
          at processTicksAndRejections (node:internal/process/task_queues:105:5)

      36 |                 break;
      37 |             case 'error':
    > 38 |                 console.error(prefix, message, data || '');
         |                         ^
      39 |                 break;
      40 |         }
      41 |     }

      at Logger.error [as log] (src/utils/Logger.ts:38:25)
      at Logger.log [as error] (src/utils/Logger.ts:56:14)
      at CloudAIService.error (src/services/ai/CloudAIService.ts:181:20)
      at asyncGeneratorStep (node_modules/@babel/runtime/helpers/asyncToGenerator.js:3:17)
      at _next (node_modules/@babel/runtime/helpers/asyncToGenerator.js:17:9)

    console.log
      [2025-12-31T04:21:38.343Z] [INFO] Calling OpenRouter with model: mistral

      at Logger.log (src/utils/Logger.ts:32:25)

    console.error
      [2025-12-31T04:21:38.343Z] [ERROR] OpenRouter call failed: Error: OpenRouter Error (500): Bad Gateway
          at CloudAIService.<anonymous> (/Users/prakashsamanta/TheForge/Veda/Veda/src/services/ai/CloudAIService.ts:132:23)
          at Generator.next (<anonymous>)
          at asyncGeneratorStep (/Users/prakashsamanta/TheForge/Veda/Veda/node_modules/@babel/runtime/helpers/asyncToGenerator.js:3:17)
          at _next (/Users/prakashsamanta/TheForge/Veda/Veda/node_modules/@babel/runtime/helpers/asyncToGenerator.js:17:9)
          at processTicksAndRejections (node:internal/process/task_queues:105:5)

      36 |                 break;
      37 |             case 'error':
    > 38 |                 console.error(prefix, message, data || '');
         |                         ^
      39 |                 break;
      40 |         }
      41 |     }

      at Logger.error [as log] (src/utils/Logger.ts:38:25)
      at Logger.log [as error] (src/utils/Logger.ts:56:14)
      at CloudAIService.error (src/services/ai/CloudAIService.ts:144:20)
      at asyncGeneratorStep (node_modules/@babel/runtime/helpers/asyncToGenerator.js:3:17)
      at _next (node_modules/@babel/runtime/helpers/asyncToGenerator.js:17:9)

    console.log
      [2025-12-31T04:21:38.343Z] [INFO] Testing connection for gemini...

      at Logger.log (src/utils/Logger.ts:32:25)

    console.log
      [2025-12-31T04:21:38.343Z] [INFO] Calling OpenRouter with model: mistral

      at Logger.log (src/utils/Logger.ts:32:25)

    console.log
      [2025-12-31T04:21:38.343Z] [INFO] Calling Perplexity API with model: sonar. Key Length: 9

      at Logger.log (src/utils/Logger.ts:32:25)

    console.error
      [2025-12-31T04:21:38.347Z] [ERROR] Gemini SDK call failed: Error: SDK Crash
          at mockConstructor.<anonymous> (/Users/prakashsamanta/TheForge/Veda/Veda/src/services/ai/__tests__/CloudAIService.test.ts:275:62)
          at /Users/prakashsamanta/TheForge/Veda/Veda/node_modules/jest-mock/build/index.js:387:43
          at mockConstructor.<anonymous> (/Users/prakashsamanta/TheForge/Veda/Veda/node_modules/jest-mock/build/index.js:404:13)
          at new mockConstructor (/Users/prakashsamanta/TheForge/Veda/Veda/node_modules/jest-mock/build/index.js:148:19)
          at CloudAIService.getClient (/Users/prakashsamanta/TheForge/Veda/Veda/src/services/ai/CloudAIService.ts:55:26)
          at CloudAIService.getClient (/Users/prakashsamanta/TheForge/Veda/Veda/src/services/ai/CloudAIService.ts:188:33)
          at Generator.next (<anonymous>)
          at asyncGeneratorStep (/Users/prakashsamanta/TheForge/Veda/Veda/node_modules/@babel/runtime/helpers/asyncToGenerator.js:3:17)
          at _next (/Users/prakashsamanta/TheForge/Veda/Veda/node_modules/@babel/runtime/helpers/asyncToGenerator.js:17:9)
          at /Users/prakashsamanta/TheForge/Veda/Veda/node_modules/@babel/runtime/helpers/asyncToGenerator.js:22:7
          at new Promise (<anonymous>)
          at CloudAIService.<anonymous> (/Users/prakashsamanta/TheForge/Veda/Veda/node_modules/@babel/runtime/helpers/asyncToGenerator.js:14:12)
          at CloudAIService.apply [as callGeminiSDK] (/Users/prakashsamanta/TheForge/Veda/Veda/src/services/ai/CloudAIService.ts:186:32)
          at CloudAIService.callGeminiSDK (/Users/prakashsamanta/TheForge/Veda/Veda/src/services/ai/CloudAIService.ts:73:25)
          at Generator.next (<anonymous>)
          at asyncGeneratorStep (/Users/prakashsamanta/TheForge/Veda/Veda/node_modules/@babel/runtime/helpers/asyncToGenerator.js:3:17)
          at _next (/Users/prakashsamanta/TheForge/Veda/Veda/node_modules/@babel/runtime/helpers/asyncToGenerator.js:17:9)
          at /Users/prakashsamanta/TheForge/Veda/Veda/node_modules/@babel/runtime/helpers/asyncToGenerator.js:22:7
          at new Promise (<anonymous>)
          at CloudAIService.<anonymous> (/Users/prakashsamanta/TheForge/Veda/Veda/node_modules/@babel/runtime/helpers/asyncToGenerator.js:14:12)
          at CloudAIService.apply [as generateText] (/Users/prakashsamanta/TheForge/Veda/Veda/src/services/ai/CloudAIService.ts:60:30)
          at Object.generateText (/Users/prakashsamanta/TheForge/Veda/Veda/src/services/ai/__tests__/CloudAIService.test.ts:279:30)
          at Generator.next (<anonymous>)
          at asyncGeneratorStep (/Users/prakashsamanta/TheForge/Veda/Veda/node_modules/@babel/runtime/helpers/asyncToGenerator.js:3:17)
          at _next (/Users/prakashsamanta/TheForge/Veda/Veda/node_modules/@babel/runtime/helpers/asyncToGenerator.js:17:9)
          at /Users/prakashsamanta/TheForge/Veda/Veda/node_modules/@babel/runtime/helpers/asyncToGenerator.js:22:7
          at new Promise (<anonymous>)
          at Object.<anonymous> (/Users/prakashsamanta/TheForge/Veda/Veda/node_modules/@babel/runtime/helpers/asyncToGenerator.js:14:12)
          at Promise.finally.completed (/Users/prakashsamanta/TheForge/Veda/Veda/node_modules/jest-circus/build/jestAdapterInit.js:1557:28)
          at new Promise (<anonymous>)
          at callAsyncCircusFn (/Users/prakashsamanta/TheForge/Veda/Veda/node_modules/jest-circus/build/jestAdapterInit.js:1497:10)
          at _callCircusTest (/Users/prakashsamanta/TheForge/Veda/Veda/node_modules/jest-circus/build/jestAdapterInit.js:1007:40)
          at processTicksAndRejections (node:internal/process/task_queues:105:5)
          at _runTest (/Users/prakashsamanta/TheForge/Veda/Veda/node_modules/jest-circus/build/jestAdapterInit.js:947:3)
          at /Users/prakashsamanta/TheForge/Veda/Veda/node_modules/jest-circus/build/jestAdapterInit.js:849:7
          at _runTestsForDescribeBlock (/Users/prakashsamanta/TheForge/Veda/Veda/node_modules/jest-circus/build/jestAdapterInit.js:862:11)
          at _runTestsForDescribeBlock (/Users/prakashsamanta/TheForge/Veda/Veda/node_modules/jest-circus/build/jestAdapterInit.js:857:11)
          at run (/Users/prakashsamanta/TheForge/Veda/Veda/node_modules/jest-circus/build/jestAdapterInit.js:761:3)
          at runAndTransformResultsToJestFormat (/Users/prakashsamanta/TheForge/Veda/Veda/node_modules/jest-circus/build/jestAdapterInit.js:1918:21)
          at jestAdapter (/Users/prakashsamanta/TheForge/Veda/Veda/node_modules/jest-circus/build/runner.js:101:19)
          at runTestInternal (/Users/prakashsamanta/TheForge/Veda/Veda/node_modules/jest-runner/build/testWorker.js:275:16)
          at runTest (/Users/prakashsamanta/TheForge/Veda/Veda/node_modules/jest-runner/build/testWorker.js:343:7)
          at Object.worker (/Users/prakashsamanta/TheForge/Veda/Veda/node_modules/jest-runner/build/testWorker.js:497:12)

      36 |                 break;
      37 |             case 'error':
    > 38 |                 console.error(prefix, message, data || '');
         |                         ^
      39 |                 break;
      40 |         }
      41 |     }

      at Logger.error [as log] (src/utils/Logger.ts:38:25)
      at Logger.log [as error] (src/utils/Logger.ts:56:14)
      at CloudAIService.error (src/services/ai/CloudAIService.ts:199:20)
          at Generator.throw (<anonymous>)
      at asyncGeneratorStep (node_modules/@babel/runtime/helpers/asyncToGenerator.js:3:17)
      at _throw (node_modules/@babel/runtime/helpers/asyncToGenerator.js:20:9)

PASS src/components/common/__tests__/CustomAlertModal.test.tsx
PASS src/services/database/__tests__/ActivityService.test.ts
PASS src/services/database/__tests__/ActivityServiceRecurrence.test.ts
  ‚óè Console

    console.log
      [2025-12-31T04:21:38.368Z] [INFO] Database initialized successfully

      at Logger.log (src/utils/Logger.ts:32:25)

    console.log
      [2025-12-31T04:21:38.371Z] [INFO] Created activity: test-uuid-0.10839574393180929 of type task

      at Logger.log (src/utils/Logger.ts:32:25)

    console.log
      [2025-12-31T04:21:38.376Z] [INFO] Updated activity: test-uuid-1

      at Logger.log (src/utils/Logger.ts:32:25)

PASS src/store/__tests__/authStore.test.ts
PASS src/store/__tests__/settingsStore.test.ts
  ‚óè Console

    console.log
      [Config] Loading Keys. Gemini: true Perplexity: true

      at Object.log (src/config/llmConfig.ts:22:9)

PASS src/components/__tests__/LogActivityModal.test.tsx
PASS src/services/auth/__tests__/AuthService.test.ts
PASS src/services/ai/__tests__/OpenRouterService.test.ts
PASS src/services/ai/__tests__/LocalAIService.test.ts
PASS src/store/__tests__/llmStore.test.ts
  ‚óè Console

    console.log
      [Config] Loading Keys. Gemini: true Perplexity: true

      at Object.log (src/config/llmConfig.ts:22:9)

PASS src/store/__tests__/dbStore.test.ts
PASS src/services/ai/__tests__/LocalCategorizer.test.ts
PASS src/screens/auth/__tests__/LoginScreen.test.tsx
  ‚óè Console

    console.error
      { code: 'auth/invalid-credential' }

      39 |             // Navigation handled by onAuthStateChanged in RootNavigator
      40 |         } catch (err: any) {
    > 41 |             console.error(err);
         |                     ^
      42 |             let msg = 'Failed to login';
      43 |             if (err.code === 'auth/invalid-credential') msg = 'Invalid email or password';
      44 |             if (err.code === 'auth/invalid-email') msg = 'Invalid email format';

      at error (src/screens/auth/LoginScreen.tsx:41:21)
          at Generator.throw (<anonymous>)
      at asyncGeneratorStep (node_modules/@babel/runtime/helpers/asyncToGenerator.js:3:17)
      at _throw (node_modules/@babel/runtime/helpers/asyncToGenerator.js:20:9)

    console.error
      { code: 'auth/invalid-email' }

      39 |             // Navigation handled by onAuthStateChanged in RootNavigator
      40 |         } catch (err: any) {
    > 41 |             console.error(err);
         |                     ^
      42 |             let msg = 'Failed to login';
      43 |             if (err.code === 'auth/invalid-credential') msg = 'Invalid email or password';
      44 |             if (err.code === 'auth/invalid-email') msg = 'Invalid email format';

      at error (src/screens/auth/LoginScreen.tsx:41:21)
          at Generator.throw (<anonymous>)
      at asyncGeneratorStep (node_modules/@babel/runtime/helpers/asyncToGenerator.js:3:17)
      at _throw (node_modules/@babel/runtime/helpers/asyncToGenerator.js:20:9)

    console.error
      Error: Unknown
          at Object.<anonymous> (/Users/prakashsamanta/TheForge/Veda/Veda/src/screens/auth/__tests__/LoginScreen.test.tsx:86:61)
          at Generator.next (<anonymous>)
          at asyncGeneratorStep (/Users/prakashsamanta/TheForge/Veda/Veda/node_modules/@babel/runtime/helpers/asyncToGenerator.js:3:17)
          at _next (/Users/prakashsamanta/TheForge/Veda/Veda/node_modules/@babel/runtime/helpers/asyncToGenerator.js:17:9)
          at /Users/prakashsamanta/TheForge/Veda/Veda/node_modules/@babel/runtime/helpers/asyncToGenerator.js:22:7
          at new Promise (<anonymous>)
          at Object.<anonymous> (/Users/prakashsamanta/TheForge/Veda/Veda/node_modules/@babel/runtime/helpers/asyncToGenerator.js:14:12)
          at Promise.finally.completed (/Users/prakashsamanta/TheForge/Veda/Veda/node_modules/jest-circus/build/jestAdapterInit.js:1557:28)
          at new Promise (<anonymous>)
          at callAsyncCircusFn (/Users/prakashsamanta/TheForge/Veda/Veda/node_modules/jest-circus/build/jestAdapterInit.js:1497:10)
          at _callCircusTest (/Users/prakashsamanta/TheForge/Veda/Veda/node_modules/jest-circus/build/jestAdapterInit.js:1007:40)
          at _runTest (/Users/prakashsamanta/TheForge/Veda/Veda/node_modules/jest-circus/build/jestAdapterInit.js:947:3)
          at /Users/prakashsamanta/TheForge/Veda/Veda/node_modules/jest-circus/build/jestAdapterInit.js:849:7
          at _runTestsForDescribeBlock (/Users/prakashsamanta/TheForge/Veda/Veda/node_modules/jest-circus/build/jestAdapterInit.js:862:11)
          at _runTestsForDescribeBlock (/Users/prakashsamanta/TheForge/Veda/Veda/node_modules/jest-circus/build/jestAdapterInit.js:857:11)
          at run (/Users/prakashsamanta/TheForge/Veda/Veda/node_modules/jest-circus/build/jestAdapterInit.js:761:3)
          at runAndTransformResultsToJestFormat (/Users/prakashsamanta/TheForge/Veda/Veda/node_modules/jest-circus/build/jestAdapterInit.js:1918:21)
          at jestAdapter (/Users/prakashsamanta/TheForge/Veda/Veda/node_modules/jest-circus/build/runner.js:101:19)
          at runTestInternal (/Users/prakashsamanta/TheForge/Veda/Veda/node_modules/jest-runner/build/testWorker.js:275:16)
          at runTest (/Users/prakashsamanta/TheForge/Veda/Veda/node_modules/jest-runner/build/testWorker.js:343:7)
          at Object.worker (/Users/prakashsamanta/TheForge/Veda/Veda/node_modules/jest-runner/build/testWorker.js:497:12)

      39 |             // Navigation handled by onAuthStateChanged in RootNavigator
      40 |         } catch (err: any) {
    > 41 |             console.error(err);
         |                     ^
      42 |             let msg = 'Failed to login';
      43 |             if (err.code === 'auth/invalid-credential') msg = 'Invalid email or password';
      44 |             if (err.code === 'auth/invalid-email') msg = 'Invalid email format';

      at error (src/screens/auth/LoginScreen.tsx:41:21)
          at Generator.throw (<anonymous>)
      at asyncGeneratorStep (node_modules/@babel/runtime/helpers/asyncToGenerator.js:3:17)
      at _throw (node_modules/@babel/runtime/helpers/asyncToGenerator.js:20:9)

PASS src/utils/__tests__/Logger.test.ts
PASS src/screens/dashboard/__tests__/ChatScreen.test.tsx
  ‚óè Console

    console.error
      Chat Error: Error: API Error
          at Object.<anonymous> (/Users/prakashsamanta/TheForge/Veda/Veda/src/screens/dashboard/__tests__/ChatScreen.test.tsx:59:70)
          at Generator.next (<anonymous>)
          at asyncGeneratorStep (/Users/prakashsamanta/TheForge/Veda/Veda/node_modules/@babel/runtime/helpers/asyncToGenerator.js:3:17)
          at _next (/Users/prakashsamanta/TheForge/Veda/Veda/node_modules/@babel/runtime/helpers/asyncToGenerator.js:17:9)
          at /Users/prakashsamanta/TheForge/Veda/Veda/node_modules/@babel/runtime/helpers/asyncToGenerator.js:22:7
          at new Promise (<anonymous>)
          at Object.<anonymous> (/Users/prakashsamanta/TheForge/Veda/Veda/node_modules/@babel/runtime/helpers/asyncToGenerator.js:14:12)
          at Promise.finally.completed (/Users/prakashsamanta/TheForge/Veda/Veda/node_modules/jest-circus/build/jestAdapterInit.js:1557:28)
          at new Promise (<anonymous>)
          at callAsyncCircusFn (/Users/prakashsamanta/TheForge/Veda/Veda/node_modules/jest-circus/build/jestAdapterInit.js:1497:10)
          at _callCircusTest (/Users/prakashsamanta/TheForge/Veda/Veda/node_modules/jest-circus/build/jestAdapterInit.js:1007:40)
          at _runTest (/Users/prakashsamanta/TheForge/Veda/Veda/node_modules/jest-circus/build/jestAdapterInit.js:947:3)
          at /Users/prakashsamanta/TheForge/Veda/Veda/node_modules/jest-circus/build/jestAdapterInit.js:849:7
          at _runTestsForDescribeBlock (/Users/prakashsamanta/TheForge/Veda/Veda/node_modules/jest-circus/build/jestAdapterInit.js:862:11)
          at _runTestsForDescribeBlock (/Users/prakashsamanta/TheForge/Veda/Veda/node_modules/jest-circus/build/jestAdapterInit.js:857:11)
          at run (/Users/prakashsamanta/TheForge/Veda/Veda/node_modules/jest-circus/build/jestAdapterInit.js:761:3)
          at runAndTransformResultsToJestFormat (/Users/prakashsamanta/TheForge/Veda/Veda/node_modules/jest-circus/build/jestAdapterInit.js:1918:21)
          at jestAdapter (/Users/prakashsamanta/TheForge/Veda/Veda/node_modules/jest-circus/build/runner.js:101:19)
          at runTestInternal (/Users/prakashsamanta/TheForge/Veda/Veda/node_modules/jest-runner/build/testWorker.js:275:16)
          at runTest (/Users/prakashsamanta/TheForge/Veda/Veda/node_modules/jest-runner/build/testWorker.js:343:7)
          at Object.worker (/Users/prakashsamanta/TheForge/Veda/Veda/node_modules/jest-runner/build/testWorker.js:497:12)

      73 |             setMessages(prev => [...prev, aiMsg]);
      74 |         } catch (error) {
    > 75 |             console.error("Chat Error:", error);
         |                     ^
      76 |             const errorMsg: Message = {
      77 |                 id: (Date.now() + 1).toString(),
      78 |                 text: "I'm sorry, I encountered an error. Please try again.",

      at error (src/screens/dashboard/ChatScreen.tsx:75:21)
          at Generator.throw (<anonymous>)
      at asyncGeneratorStep (node_modules/@babel/runtime/helpers/asyncToGenerator.js:3:17)
      at _throw (node_modules/@babel/runtime/helpers/asyncToGenerator.js:20:9)

PASS src/components/common/__tests__/RecurrencePicker.test.tsx
PASS src/components/common/__tests__/CalendarView.test.tsx
PASS src/screens/settings/__tests__/ModelBrowserScreen.test.tsx
----------------------------|---------|----------|---------|---------|-------------------
File                        | % Stmts | % Branch | % Funcs | % Lines | Uncovered Line #s 
----------------------------|---------|----------|---------|---------|-------------------
All files                   |   97.77 |    90.93 |   96.94 |   98.31 |                   
 components                 |   96.42 |    89.36 |     100 |   98.76 |                   
  LogActivityModal.tsx      |   96.42 |    89.36 |     100 |   98.76 | 148               
 components/common          |    97.5 |     92.8 |   96.22 |   97.29 |                   
  CalendarView.tsx          |     100 |    83.33 |     100 |     100 | 116,124           
  CustomAlertModal.tsx      |     100 |     92.3 |     100 |     100 | 44                
  CustomDatePickerModal.tsx |     100 |      100 |     100 |     100 |                   
  RecurrencePicker.tsx      |     100 |    94.44 |     100 |     100 | 43                
  TimePickerView.tsx        |   93.44 |     90.9 |   90.47 |   92.72 | 62,67,127,157     
 config                     |     100 |       50 |     100 |     100 |                   
  firebaseConfig.ts         |     100 |      100 |     100 |     100 |                   
  llmConfig.ts              |     100 |       50 |     100 |     100 | 27                
 navigation                 |     100 |      100 |     100 |     100 |                   
  AuthNavigator.tsx         |     100 |      100 |     100 |     100 |                   
  MainNavigator.tsx         |     100 |      100 |     100 |     100 |                   
  RootNavigator.tsx         |     100 |      100 |     100 |     100 |                   
  types.ts                  |       0 |        0 |       0 |       0 |                   
 screens                    |     100 |     87.5 |     100 |     100 |                   
  DebugScreen.tsx           |     100 |     87.5 |     100 |     100 | 32,56             
 screens/auth               |   98.21 |     92.5 |     100 |     100 |                   
  LoginScreen.tsx           |     100 |    93.75 |     100 |     100 | 53                
  SignupScreen.tsx          |   96.96 |    91.66 |     100 |     100 | 59-68             
 screens/dashboard          |   92.02 |    87.12 |   88.63 |   93.05 |                   
  ActivityScreen.tsx        |     100 |      100 |     100 |     100 |                   
  ChatScreen.tsx            |   91.66 |    80.95 |      80 |     100 | 34,47,120-121     
  DashboardScreen.tsx       |   82.75 |       90 |   72.72 |   81.48 | 74,125-153        
  SettingsScreen.tsx        |   93.15 |    86.07 |     100 |   92.06 | 88-89,100-101,128 
 screens/settings           |     100 |    94.87 |     100 |     100 |                   
  ModelBrowserScreen.tsx    |     100 |    94.87 |     100 |     100 | 83,89             
 services/ai                |     100 |    94.44 |     100 |     100 |                   
  CloudAIService.ts         |     100 |    92.85 |     100 |     100 | 42-54,90          
  LocalAIService.ts         |     100 |      100 |     100 |     100 |                   
  LocalCategorizer.ts       |     100 |      100 |     100 |     100 |                   
  OpenRouterService.ts      |     100 |      100 |     100 |     100 |                   
 services/auth              |     100 |      100 |     100 |     100 |                   
  AuthService.ts            |     100 |      100 |     100 |     100 |                   
 services/database          |     100 |    91.22 |     100 |     100 |                   
  ActivityService.ts        |     100 |    89.47 |     100 |     100 | 80,146-150,159    
  DatabaseService.ts        |     100 |    94.73 |     100 |     100 | 66                
  schema.ts                 |     100 |      100 |     100 |     100 |                   
 services/notifications     |     100 |       90 |     100 |     100 |                   
  NotificationService.ts    |     100 |       90 |     100 |     100 | 13                
 store                      |     100 |    91.66 |     100 |     100 |                   
  authStore.ts              |     100 |      100 |     100 |     100 |                   
  dbStore.ts                |     100 |      100 |     100 |     100 |                   
  llmStore.ts               |     100 |      100 |     100 |     100 |                   
  settingsStore.ts          |     100 |     90.9 |     100 |     100 | 35,86             
 utils                      |     100 |    88.88 |     100 |     100 |                   
  Logger.ts                 |     100 |    88.88 |     100 |     100 | 29,38             
----------------------------|---------|----------|---------|---------|-------------------

Test Suites: 31 passed, 31 total
Tests:       245 passed, 245 total
Snapshots:   0 total
Time:        2.132 s
Ran all test suites.
